<?xml version="1.0" encoding="UTF-8"?>
<!-- Generated by org.testng.reporters.JUnitReportReporter -->
<testsuite hostname="DESKTOP-UBMHQGN" failures="0" tests="1" name="com.test.Batch2Maven.TestNG" time="0.043" errors="0" timestamp="2022-04-25T12:13:39 PDT" skipped="0">
  <testcase classname="com.test.Batch2Maven.TestNG" name="secondcase" time="0.043"/>
  <system-out/>
</testsuite> <!-- com.test.Batch2Maven.TestNG -->
