<?xml version="1.0" encoding="UTF-8"?>
<!-- Generated by org.testng.reporters.JUnitReportReporter -->
<testsuite hostname="DESKTOP-UBMHQGN" failures="0" tests="1" name="com.test.Batch2Maven.DemoTestng" time="38.111" errors="0" timestamp="2022-04-26T14:05:28 PDT" skipped="0">
  <testcase classname="com.test.Batch2Maven.DemoTestng" name="Test1" time="38.111"/>
  <system-out/>
</testsuite> <!-- com.test.Batch2Maven.DemoTestng -->
